0:0:0:0:0:0:0:1 - - [13/Jan/2021:16:34:54 +0800] "GET /user/1 HTTP/1.1" 500 120
0:0:0:0:0:0:0:1 - - [13/Jan/2021:16:35:56 +0800] "GET /user/1 HTTP/1.1" 500 120
0:0:0:0:0:0:0:1 - - [13/Jan/2021:16:37:27 +0800] "GET /user/1 HTTP/1.1" 500 120
0:0:0:0:0:0:0:1 - - [13/Jan/2021:16:38:44 +0800] "GET /user/1 HTTP/1.1" 500 120
0:0:0:0:0:0:0:1 - - [13/Jan/2021:16:40:08 +0800] "GET /user/1 HTTP/1.1" 500 120
0:0:0:0:0:0:0:1 - - [13/Jan/2021:16:40:39 +0800] "GET /user/1 HTTP/1.1" 500 120
0:0:0:0:0:0:0:1 - - [13/Jan/2021:16:40:55 +0800] "GET /user/1 HTTP/1.1" 500 120
0:0:0:0:0:0:0:1 - - [13/Jan/2021:16:41:04 +0800] "GET /user/1 HTTP/1.1" 500 120
0:0:0:0:0:0:0:1 - - [13/Jan/2021:16:41:27 +0800] "GET /user/1 HTTP/1.1" 500 120
0:0:0:0:0:0:0:1 - - [13/Jan/2021:16:48:10 +0800] "GET /user/1 HTTP/1.1" 500 120
0:0:0:0:0:0:0:1 - - [13/Jan/2021:16:48:31 +0800] "GET /info HTTP/1.1" 200 36
0:0:0:0:0:0:0:1 - - [13/Jan/2021:16:48:54 +0800] "GET /user/dsdsdas HTTP/1.1" 400 116
0:0:0:0:0:0:0:1 - - [13/Jan/2021:16:52:01 +0800] "GET /user/1111 HTTP/1.1" 500 123
0:0:0:0:0:0:0:1 - - [13/Jan/2021:16:52:50 +0800] "GET /user/111aa HTTP/1.1" 400 114
0:0:0:0:0:0:0:1 - - [13/Jan/2021:16:53:24 +0800] "GET /user/111 HTTP/1.1" 500 122
0:0:0:0:0:0:0:1 - - [13/Jan/2021:16:56:03 +0800] "GET /user/111 HTTP/1.1" 500 122
0:0:0:0:0:0:0:1 - - [13/Jan/2021:17:04:13 +0800] "POST /user HTTP/1.1" 400 108
0:0:0:0:0:0:0:1 - - [13/Jan/2021:17:04:34 +0800] "GET /user/1 HTTP/1.1" 500 120
0:0:0:0:0:0:0:1 - - [13/Jan/2021:17:08:27 +0800] "POST /user HTTP/1.1" 400 108
0:0:0:0:0:0:0:1 - - [13/Jan/2021:17:11:24 +0800] "POST /user HTTP/1.1" 500 118
0:0:0:0:0:0:0:1 - - [13/Jan/2021:17:12:04 +0800] "POST /user HTTP/1.1" 500 118
0:0:0:0:0:0:0:1 - - [13/Jan/2021:17:14:47 +0800] "POST /user HTTP/1.1" 500 118
0:0:0:0:0:0:0:1 - - [13/Jan/2021:17:15:43 +0800] "POST /user HTTP/1.1" 500 118
0:0:0:0:0:0:0:1 - - [13/Jan/2021:17:15:56 +0800] "POST /user HTTP/1.1" 500 118
0:0:0:0:0:0:0:1 - - [13/Jan/2021:17:24:37 +0800] "POST /user HTTP/1.1" 500 118
0:0:0:0:0:0:0:1 - - [13/Jan/2021:17:24:44 +0800] "POST /user HTTP/1.1" 500 118
0:0:0:0:0:0:0:1 - - [13/Jan/2021:17:25:18 +0800] "GET /user/1 HTTP/1.1" 500 120
0:0:0:0:0:0:0:1 - - [13/Jan/2021:17:26:31 +0800] "GET /user/1 HTTP/1.1" 200 -
0:0:0:0:0:0:0:1 - - [13/Jan/2021:17:26:55 +0800] "POST /user HTTP/1.1" 200 1
0:0:0:0:0:0:0:1 - - [13/Jan/2021:17:26:59 +0800] "GET /user/1 HTTP/1.1" 200 138
0:0:0:0:0:0:0:1 - - [13/Jan/2021:17:27:16 +0800] "POST /user HTTP/1.1" 200 1
0:0:0:0:0:0:0:1 - - [13/Jan/2021:17:27:26 +0800] "GET /user HTTP/1.1" 200 279
